d:\workspace\pandago\pandago\x64\debug\vc120.pdb
d:\workspace\pandago\pandago\x64\debug\sqlite3.obj
d:\workspace\pandago\pandago\x64\debug\infrastructure.obj
d:\workspace\pandago\pandago\x64\debug\turnround.obj
d:\workspace\pandago\pandago\x64\debug\trace_road.obj
d:\workspace\pandago\pandago\x64\debug\take_over.obj
d:\workspace\pandago\pandago\x64\debug\reverse.obj
d:\workspace\pandago\pandago\x64\debug\crossing.obj
d:\workspace\pandago\pandago\x64\debug\cmorphin.obj
d:\workspace\pandago\pandago\x64\debug\basicfunction.obj
d:\workspace\pandago\pandago\x64\debug\utils.obj
d:\workspace\pandago\pandago\x64\debug\tinyxml2.obj
d:\workspace\pandago\pandago\x64\debug\parameter.obj
d:\workspace\pandago\pandago\x64\debug\morphin.obj
d:\workspace\pandago\pandago\x64\debug\map.obj
d:\workspace\pandago\pandago\x64\debug\localplan.obj
d:\workspace\pandago\pandago\x64\debug\kernel.obj
d:\workspace\pandago\pandago\x64\debug\gis.obj
d:\workspace\pandago\pandago\x64\debug\fmt.obj
d:\workspace\pandago\pandago\x64\debug\main.obj
d:\workspace\pandago\pandago\x64\debug\moc_modulemaprender.obj
d:\workspace\pandago\pandago\x64\debug\moc_moduledataplatform.obj
d:\workspace\pandago\pandago\x64\debug\pandago.obj
d:\workspace\pandago\pandago\x64\debug\moduleplsimulator.obj
d:\workspace\pandago\pandago\x64\debug\modulemaprender.obj
d:\workspace\pandago\pandago\x64\debug\moduledataplatform.obj
d:\workspace\pandago\pandago\x64\debug\moc_pandago.obj
d:\workspace\pandago\pandago\generatedfiles\debug\moc_modulemaprender.cpp
d:\workspace\pandago\pandago\generatedfiles\debug\moc_moduledataplatform.cpp
d:\workspace\pandago\pandago\generatedfiles\qrc_pandago.cpp
d:\workspace\pandago\pandago\generatedfiles\ui_pandago.h
d:\workspace\pandago\pandago\generatedfiles\ui_moduledataplatform.h
d:\workspace\pandago\pandago\generatedfiles\debug\moc_pandago.cpp
d:\workspace\pandago\x64\debug\pandago.ilk
d:\workspace\pandago\x64\debug\pandago.exe
d:\workspace\pandago\x64\debug\pandago.pdb
d:\workspace\pandagov0.1\pandago\x64\debug\basicfunction.obj
d:\workspace\pandagov0.1\pandago\x64\debug\cmorphin.obj
d:\workspace\pandagov0.1\pandago\x64\debug\crossing.obj
d:\workspace\pandagov0.1\pandago\x64\debug\fmt.obj
d:\workspace\pandagov0.1\pandago\x64\debug\gis.obj
d:\workspace\pandagov0.1\pandago\x64\debug\infrastructure.obj
d:\workspace\pandagov0.1\pandago\x64\debug\kernel.obj
d:\workspace\pandagov0.1\pandago\x64\debug\localplan.obj
d:\workspace\pandagov0.1\pandago\x64\debug\main.obj
d:\workspace\pandagov0.1\pandago\x64\debug\map.obj
d:\workspace\pandagov0.1\pandago\x64\debug\moc_moduledataplatform.obj
d:\workspace\pandagov0.1\pandago\x64\debug\moc_modulemaprender.obj
d:\workspace\pandagov0.1\pandago\x64\debug\moc_pandago.obj
d:\workspace\pandagov0.1\pandago\x64\debug\moduledataplatform.obj
d:\workspace\pandagov0.1\pandago\x64\debug\modulemaprender.obj
d:\workspace\pandagov0.1\pandago\x64\debug\moduleplsimulator.obj
d:\workspace\pandagov0.1\pandago\x64\debug\morphin.obj
d:\workspace\pandagov0.1\pandago\x64\debug\pandago.obj
d:\workspace\pandagov0.1\pandago\x64\debug\parameter.obj
d:\workspace\pandagov0.1\pandago\x64\debug\reverse.obj
d:\workspace\pandagov0.1\pandago\x64\debug\sqlite3.obj
d:\workspace\pandagov0.1\pandago\x64\debug\take_over.obj
d:\workspace\pandagov0.1\pandago\x64\debug\tinyxml2.obj
d:\workspace\pandagov0.1\pandago\x64\debug\trace_road.obj
d:\workspace\pandagov0.1\pandago\x64\debug\turnround.obj
d:\workspace\pandagov0.1\pandago\x64\debug\utils.obj
d:\workspace\pandagov0.1\pandago\x64\debug\vc120.pdb
d:\workspace\pandagov0.1\x64\debug\pandago.pdb
d:\workspace\pandagov0.1\x64\debug\pandago.exe
d:\workspace\pandagov0.1\x64\debug\pandago.ilk
d:\workspace\pandagov0.1\pandago\x64\debug\pandago.tlog\cl.command.1.tlog
d:\workspace\pandagov0.1\pandago\x64\debug\pandago.tlog\cl.read.1.tlog
d:\workspace\pandagov0.1\pandago\x64\debug\pandago.tlog\cl.write.1.tlog
d:\workspace\pandagov0.1\pandago\x64\debug\pandago.tlog\custombuild.command.1.tlog
d:\workspace\pandagov0.1\pandago\x64\debug\pandago.tlog\custombuild.read.1.tlog
d:\workspace\pandagov0.1\pandago\x64\debug\pandago.tlog\custombuild.write.1.tlog
d:\workspace\pandagov0.1\pandago\x64\debug\pandago.tlog\link.command.1.tlog
d:\workspace\pandagov0.1\pandago\x64\debug\pandago.tlog\link.read.1.tlog
d:\workspace\pandagov0.1\pandago\x64\debug\pandago.tlog\link.write.1.tlog
